0 info it worked if it ends with ok
1 verbose cli [ '/usr/bin/node', '/usr/bin/npm', 'run', 'test' ]
2 info using npm@3.5.2
3 info using node@v8.10.0
4 verbose run-script [ 'pretest', 'test', 'posttest' ]
5 info lifecycle smart_contract@1.0.0~pretest: smart_contract@1.0.0
6 silly lifecycle smart_contract@1.0.0~pretest: no script for pretest, continuing
7 info lifecycle smart_contract@1.0.0~test: smart_contract@1.0.0
8 verbose lifecycle smart_contract@1.0.0~test: unsafe-perm in lifecycle true
9 verbose lifecycle smart_contract@1.0.0~test: PATH: /usr/share/npm/bin/node-gyp-bin:/home/tegisty/Desktop/Week-6/certificate_distrbution_and_smart_contract/contract/node_modules/.bin:/usr/local/sbin:/usr/local/bin:/usr/sbin:/usr/bin:/sbin:/bin:/usr/games:/usr/local/games:/snap/bin
10 verbose lifecycle smart_contract@1.0.0~test: CWD: /home/tegisty/Desktop/Week-6/certificate_distrbution_and_smart_contract/contract
11 silly lifecycle smart_contract@1.0.0~test: Args: [ '-c', 'echo "Error: no test specified" && exit 1' ]
12 silly lifecycle smart_contract@1.0.0~test: Returned: code: 1  signal: null
13 info lifecycle smart_contract@1.0.0~test: Failed to exec test script
14 verbose stack Error: smart_contract@1.0.0 test: `echo "Error: no test specified" && exit 1`
14 verbose stack Exit status 1
14 verbose stack     at EventEmitter.<anonymous> (/usr/share/npm/lib/utils/lifecycle.js:232:16)
14 verbose stack     at emitTwo (events.js:126:13)
14 verbose stack     at EventEmitter.emit (events.js:214:7)
14 verbose stack     at ChildProcess.<anonymous> (/usr/share/npm/lib/utils/spawn.js:24:14)
14 verbose stack     at emitTwo (events.js:126:13)
14 verbose stack     at ChildProcess.emit (events.js:214:7)
14 verbose stack     at maybeClose (internal/child_process.js:925:16)
14 verbose stack     at Process.ChildProcess._handle.onexit (internal/child_process.js:209:5)
15 verbose pkgid smart_contract@1.0.0
16 verbose cwd /home/tegisty/Desktop/Week-6/certificate_distrbution_and_smart_contract/contract
17 error Linux 5.4.0-126-generic
18 error argv "/usr/bin/node" "/usr/bin/npm" "run" "test"
19 error node v8.10.0
20 error npm  v3.5.2
21 error code ELIFECYCLE
22 error smart_contract@1.0.0 test: `echo "Error: no test specified" && exit 1`
22 error Exit status 1
23 error Failed at the smart_contract@1.0.0 test script 'echo "Error: no test specified" && exit 1'.
23 error Make sure you have the latest version of node.js and npm installed.
23 error If you do, this is most likely a problem with the smart_contract package,
23 error not with npm itself.
23 error Tell the author that this fails on your system:
23 error     echo "Error: no test specified" && exit 1
23 error You can get information on how to open an issue for this project with:
23 error     npm bugs smart_contract
23 error Or if that isn't available, you can get their info via:
23 error     npm owner ls smart_contract
23 error There is likely additional logging output above.
24 verbose exit [ 1, true ]
